[2020-07-27 20:32:41] local.ERROR: could not find driver (SQL: select * from information_schema.tables where table_schema = lawyerapp and table_name = migrations and table_type = 'BASE TABLE') {"exception":"[object] (Illuminate\\Database\\QueryException(code: 0): could not find driver (SQL: select * from information_schema.tables where table_schema = lawyerapp and table_name = migrations and table_type = 'BASE TABLE') at /home/elnagar/php projects/temporary-E-solution-Lawyer-App-/vendor/laravel/framework/src/Illuminate/Database/Connection.php:664, Doctrine\\DBAL\\Driver\\PDOException(code: 0): could not find driver at /home/elnagar/php projects/temporary-E-solution-Lawyer-App-/vendor/doctrine/dbal/lib/Doctrine/DBAL/Driver/PDOConnection.php:31, PDOException(code: 0): could not find driver at /home/elnagar/php projects/temporary-E-solution-Lawyer-App-/vendor/doctrine/dbal/lib/Doctrine/DBAL/Driver/PDOConnection.php:27)
[stacktrace]
#0 /home/elnagar/php projects/temporary-E-solution-Lawyer-App-/vendor/laravel/framework/src/Illuminate/Database/Connection.php(624): Illuminate\\Database\\Connection->runQueryCallback()
#1 /home/elnagar/php projects/temporary-E-solution-Lawyer-App-/vendor/laravel/framework/src/Illuminate/Database/Connection.php(333): Illuminate\\Database\\Connection->run()
#2 /home/elnagar/php projects/temporary-E-solution-Lawyer-App-/vendor/laravel/framework/src/Illuminate/Database/Schema/MySqlBuilder.php(18): Illuminate\\Database\\Connection->select()
#3 /home/elnagar/php projects/temporary-E-solution-Lawyer-App-/vendor/laravel/framework/src/Illuminate/Database/Migrations/DatabaseMigrationRepository.php(169): Illuminate\\Database\\Schema\\MySqlBuilder->hasTable()
#4 /home/elnagar/php projects/temporary-E-solution-Lawyer-App-/vendor/laravel/framework/src/Illuminate/Database/Migrations/Migrator.php(585): Illuminate\\Database\\Migrations\\DatabaseMigrationRepository->repositoryExists()
#5 /home/elnagar/php projects/temporary-E-solution-Lawyer-App-/vendor/laravel/framework/src/Illuminate/Database/Console/Migrations/ResetCommand.php(63): Illuminate\\Database\\Migrations\\Migrator->repositoryExists()
#6 [internal function]: Illuminate\\Database\\Console\\Migrations\\ResetCommand->handle()
#7 /home/elnagar/php projects/temporary-E-solution-Lawyer-App-/vendor/laravel/framework/src/Illuminate/Container/BoundMethod.php(32): call_user_func_array()
#8 /home/elnagar/php projects/temporary-E-solution-Lawyer-App-/vendor/laravel/framework/src/Illuminate/Container/BoundMethod.php(90): Illuminate\\Container\\BoundMethod::Illuminate\\Container\\{closure}()
#9 /home/elnagar/php projects/temporary-E-solution-Lawyer-App-/vendor/laravel/framework/src/Illuminate/Container/BoundMethod.php(34): Illuminate\\Container\\BoundMethod::callBoundMethod()
#10 /home/elnagar/php projects/temporary-E-solution-Lawyer-App-/vendor/laravel/framework/src/Illuminate/Container/Container.php(576): Illuminate\\Container\\BoundMethod::call()
#11 /home/elnagar/php projects/temporary-E-solution-Lawyer-App-/vendor/laravel/framework/src/Illuminate/Console/Command.php(183): Illuminate\\Container\\Container->call()
#12 /home/elnagar/php projects/temporary-E-solution-Lawyer-App-/vendor/symfony/console/Command/Command.php(255): Illuminate\\Console\\Command->execute()
#13 /home/elnagar/php projects/temporary-E-solution-Lawyer-App-/vendor/laravel/framework/src/Illuminate/Console/Command.php(170): Symfony\\Component\\Console\\Command\\Command->run()
#14 /home/elnagar/php projects/temporary-E-solution-Lawyer-App-/vendor/laravel/framework/src/Illuminate/Console/Command.php(198): Illuminate\\Console\\Command->run()
#15 /home/elnagar/php projects/temporary-E-solution-Lawyer-App-/vendor/laravel/framework/src/Illuminate/Database/Console/Migrations/RefreshCommand.php(100): Illuminate\\Console\\Command->call()
#16 /home/elnagar/php projects/temporary-E-solution-Lawyer-App-/vendor/laravel/framework/src/Illuminate/Database/Console/Migrations/RefreshCommand.php(53): Illuminate\\Database\\Console\\Migrations\\RefreshCommand->runReset()
#17 [internal function]: Illuminate\\Database\\Console\\Migrations\\RefreshCommand->handle()
#18 /home/elnagar/php projects/temporary-E-solution-Lawyer-App-/vendor/laravel/framework/src/Illuminate/Container/BoundMethod.php(32): call_user_func_array()
#19 /home/elnagar/php projects/temporary-E-solution-Lawyer-App-/vendor/laravel/framework/src/Illuminate/Container/BoundMethod.php(90): Illuminate\\Container\\BoundMethod::Illuminate\\Container\\{closure}()
#20 /home/elnagar/php projects/temporary-E-solution-Lawyer-App-/vendor/laravel/framework/src/Illuminate/Container/BoundMethod.php(34): Illuminate\\Container\\BoundMethod::callBoundMethod()
#21 /home/elnagar/php projects/temporary-E-solution-Lawyer-App-/vendor/laravel/framework/src/Illuminate/Container/Container.php(576): Illuminate\\Container\\BoundMethod::call()
#22 /home/elnagar/php projects/temporary-E-solution-Lawyer-App-/vendor/laravel/framework/src/Illuminate/Console/Command.php(183): Illuminate\\Container\\Container->call()
#23 /home/elnagar/php projects/temporary-E-solution-Lawyer-App-/vendor/symfony/console/Command/Command.php(255): Illuminate\\Console\\Command->execute()
#24 /home/elnagar/php projects/temporary-E-solution-Lawyer-App-/vendor/laravel/framework/src/Illuminate/Console/Command.php(170): Symfony\\Component\\Console\\Command\\Command->run()
#25 /home/elnagar/php projects/temporary-E-solution-Lawyer-App-/vendor/symfony/console/Application.php(1000): Illuminate\\Console\\Command->run()
#26 /home/elnagar/php projects/temporary-E-solution-Lawyer-App-/vendor/symfony/console/Application.php(271): Symfony\\Component\\Console\\Application->doRunCommand()
#27 /home/elnagar/php projects/temporary-E-solution-Lawyer-App-/vendor/symfony/console/Application.php(147): Symfony\\Component\\Console\\Application->doRun()
#28 /home/elnagar/php projects/temporary-E-solution-Lawyer-App-/vendor/laravel/framework/src/Illuminate/Console/Application.php(90): Symfony\\Component\\Console\\Application->run()
#29 /home/elnagar/php projects/temporary-E-solution-Lawyer-App-/vendor/laravel/framework/src/Illuminate/Foundation/Console/Kernel.php(133): Illuminate\\Console\\Application->run()
#30 /home/elnagar/php projects/temporary-E-solution-Lawyer-App-/artisan(37): Illuminate\\Foundation\\Console\\Kernel->handle()
#31 {main}
"} 
